INFO:root:✅ Redis connected: redis://localhost:6379/0
INFO:root:✅ Webhook deleted (drop_pending_updates=True)
INFO:findex_bot.middlewares.fsm_watchdog:FSMWatchdogMiddleware: FSMContext patched
INFO:root:✅ Bot started (polling)
INFO:aiogram.dispatcher:Start polling
INFO:aiogram.dispatcher:Run polling for bot @FindexHub_bot id=8221092450 - 'findex_hub_bot'
INFO:aiogram.event:Update id=588765971 is handled. Duration 298 ms by bot id=8221092450
ERROR:findex_bot.handlers.debug_ping:[DEBUG CALLBACK_DATA] vac_employer
INFO:aiogram.event:Update id=588765972 is handled. Duration 419 ms by bot id=8221092450
INFO:aiogram.event:Update id=588765973 is handled. Duration 269 ms by bot id=8221092450
INFO:aiogram.event:Update id=588765974 is handled. Duration 126 ms by bot id=8221092450
INFO:aiogram.event:Update id=588765975 is handled. Duration 123 ms by bot id=8221092450
INFO:aiogram.event:Update id=588765976 is handled. Duration 95 ms by bot id=8221092450
INFO:aiogram.event:Update id=588765977 is handled. Duration 158 ms by bot id=8221092450
INFO:aiogram.event:Update id=588765978 is handled. Duration 381 ms by bot id=8221092450
INFO:aiogram.event:Update id=588765979 is handled. Duration 508 ms by bot id=8221092450
ERROR:findex_bot.handlers.debug_ping:[DEBUG CALLBACK_DATA] emp_media_add
INFO:aiogram.event:Update id=588765980 is handled. Duration 186 ms by bot id=8221092450
INFO:aiogram.event:Update id=588765981 is handled. Duration 285 ms by bot id=8221092450
ERROR:findex_bot.handlers.debug_ping:[DEBUG CALLBACK_DATA] emp_media_confirm:ok
INFO:aiogram.event:Update id=588765982 is handled. Duration 238 ms by bot id=8221092450
ERROR:findex_bot.handlers.debug_ping:[DEBUG CALLBACK_DATA] emp_edit_location:10
INFO:aiogram.event:Update id=588765983 is handled. Duration 368 ms by bot id=8221092450
ERROR:aiogram.dispatcher:Failed to fetch updates - TelegramNetworkError: HTTP Client says - Request timeout error
WARNING:aiogram.dispatcher:Sleep for 1.000000 seconds and try again... (tryings = 0, bot id = 8221092450)
INFO:aiogram.dispatcher:Connection established (tryings = 1, bot id = 8221092450)
