INFO:root:✅ Redis connected: redis://localhost:6379/0
INFO:root:✅ Webhook deleted (drop_pending_updates=True)
INFO:findex_bot.middlewares.fsm_watchdog:FSMWatchdogMiddleware: FSMContext patched
INFO:root:✅ Bot started (polling)
INFO:aiogram.dispatcher:Start polling
INFO:aiogram.dispatcher:Run polling for bot @FindexHub_bot id=8221092450 - 'findex_hub_bot'
ERROR:aiogram.dispatcher:Failed to fetch updates - TelegramNetworkError: HTTP Client says - ClientOSError: [Errno 54] Connection reset by peer
WARNING:aiogram.dispatcher:Sleep for 1.000000 seconds and try again... (tryings = 0, bot id = 8221092450)
INFO:aiogram.dispatcher:Connection established (tryings = 1, bot id = 8221092450)
ERROR:aiogram.dispatcher:Failed to fetch updates - TelegramNetworkError: HTTP Client says - ClientOSError: [Errno 54] Connection reset by peer
WARNING:aiogram.dispatcher:Sleep for 1.000000 seconds and try again... (tryings = 0, bot id = 8221092450)
INFO:aiogram.dispatcher:Connection established (tryings = 1, bot id = 8221092450)
ERROR:aiogram.dispatcher:Failed to fetch updates - TelegramNetworkError: HTTP Client says - Request timeout error
WARNING:aiogram.dispatcher:Sleep for 1.000000 seconds and try again... (tryings = 0, bot id = 8221092450)
INFO:aiogram.dispatcher:Connection established (tryings = 1, bot id = 8221092450)
ERROR:aiogram.dispatcher:Failed to fetch updates - TelegramNetworkError: HTTP Client says - Request timeout error
WARNING:aiogram.dispatcher:Sleep for 1.000000 seconds and try again... (tryings = 0, bot id = 8221092450)
INFO:aiogram.dispatcher:Connection established (tryings = 1, bot id = 8221092450)
WARNING:aiogram.dispatcher:Received SIGTERM signal
INFO:aiogram.dispatcher:Polling stopped for bot @FindexHub_bot id=8221092450 - 'findex_hub_bot'
INFO:aiogram.dispatcher:Polling stopped
WARNING:aiogram.dispatcher:Received SIGTERM signal
INFO:root:✅ Redis connected: redis://localhost:6379/0
INFO:root:✅ Webhook deleted (drop_pending_updates=True)
INFO:findex_bot.middlewares.fsm_watchdog:FSMWatchdogMiddleware: FSMContext patched
INFO:root:✅ Bot started (polling)
INFO:aiogram.dispatcher:Start polling
INFO:aiogram.dispatcher:Run polling for bot @FindexHub_bot id=8221092450 - 'findex_hub_bot'
ERROR:aiogram.dispatcher:Failed to fetch updates - TelegramNetworkError: HTTP Client says - Request timeout error
WARNING:aiogram.dispatcher:Sleep for 1.000000 seconds and try again... (tryings = 0, bot id = 8221092450)
INFO:aiogram.dispatcher:Connection established (tryings = 1, bot id = 8221092450)
ERROR:aiogram.dispatcher:Failed to fetch updates - TelegramNetworkError: HTTP Client says - Request timeout error
WARNING:aiogram.dispatcher:Sleep for 1.000000 seconds and try again... (tryings = 0, bot id = 8221092450)
INFO:aiogram.dispatcher:Connection established (tryings = 1, bot id = 8221092450)
ERROR:aiogram.dispatcher:Failed to fetch updates - TelegramNetworkError: HTTP Client says - Request timeout error
WARNING:aiogram.dispatcher:Sleep for 1.000000 seconds and try again... (tryings = 0, bot id = 8221092450)
INFO:aiogram.dispatcher:Connection established (tryings = 1, bot id = 8221092450)
ERROR:aiogram.dispatcher:Failed to fetch updates - TelegramNetworkError: HTTP Client says - Request timeout error
WARNING:aiogram.dispatcher:Sleep for 1.000000 seconds and try again... (tryings = 0, bot id = 8221092450)
INFO:aiogram.dispatcher:Connection established (tryings = 1, bot id = 8221092450)
ERROR:aiogram.dispatcher:Failed to fetch updates - TelegramNetworkError: HTTP Client says - Request timeout error
WARNING:aiogram.dispatcher:Sleep for 1.000000 seconds and try again... (tryings = 0, bot id = 8221092450)
INFO:aiogram.dispatcher:Connection established (tryings = 1, bot id = 8221092450)
ERROR:aiogram.dispatcher:Failed to fetch updates - TelegramNetworkError: HTTP Client says - Request timeout error
WARNING:aiogram.dispatcher:Sleep for 1.000000 seconds and try again... (tryings = 0, bot id = 8221092450)
INFO:aiogram.dispatcher:Connection established (tryings = 1, bot id = 8221092450)
WARNING:aiogram.dispatcher:Received SIGTERM signal
INFO:aiogram.dispatcher:Polling stopped for bot @FindexHub_bot id=8221092450 - 'findex_hub_bot'
INFO:aiogram.dispatcher:Polling stopped
INFO:root:✅ Redis connected: redis://localhost:6379/0
INFO:root:✅ Webhook deleted (drop_pending_updates=True)
INFO:findex_bot.middlewares.fsm_watchdog:FSMWatchdogMiddleware: FSMContext patched
INFO:root:✅ Bot started (polling)
INFO:aiogram.dispatcher:Start polling
INFO:aiogram.dispatcher:Run polling for bot @FindexHub_bot id=8221092450 - 'findex_hub_bot'
ERROR:aiogram.dispatcher:Failed to fetch updates - TelegramNetworkError: HTTP Client says - ClientOSError: [Errno 54] Connection reset by peer
WARNING:aiogram.dispatcher:Sleep for 1.000000 seconds and try again... (tryings = 0, bot id = 8221092450)
INFO:aiogram.dispatcher:Connection established (tryings = 1, bot id = 8221092450)
ERROR:aiogram.dispatcher:Failed to fetch updates - TelegramNetworkError: HTTP Client says - ClientOSError: [Errno 54] Connection reset by peer
WARNING:aiogram.dispatcher:Sleep for 1.000000 seconds and try again... (tryings = 0, bot id = 8221092450)
INFO:aiogram.dispatcher:Connection established (tryings = 1, bot id = 8221092450)
ERROR:aiogram.dispatcher:Failed to fetch updates - TelegramNetworkError: HTTP Client says - ClientOSError: [Errno 54] Connection reset by peer
WARNING:aiogram.dispatcher:Sleep for 1.000000 seconds and try again... (tryings = 0, bot id = 8221092450)
INFO:aiogram.dispatcher:Connection established (tryings = 1, bot id = 8221092450)
ERROR:aiogram.dispatcher:Failed to fetch updates - TelegramNetworkError: HTTP Client says - ClientOSError: [Errno 54] Connection reset by peer
WARNING:aiogram.dispatcher:Sleep for 1.000000 seconds and try again... (tryings = 0, bot id = 8221092450)
INFO:aiogram.dispatcher:Connection established (tryings = 1, bot id = 8221092450)
ERROR:aiogram.dispatcher:Failed to fetch updates - TelegramNetworkError: HTTP Client says - ClientOSError: [Errno 54] Connection reset by peer
WARNING:aiogram.dispatcher:Sleep for 1.000000 seconds and try again... (tryings = 0, bot id = 8221092450)
INFO:aiogram.dispatcher:Connection established (tryings = 1, bot id = 8221092450)
ERROR:aiogram.dispatcher:Failed to fetch updates - TelegramNetworkError: HTTP Client says - Request timeout error
WARNING:aiogram.dispatcher:Sleep for 1.000000 seconds and try again... (tryings = 0, bot id = 8221092450)
INFO:aiogram.dispatcher:Connection established (tryings = 1, bot id = 8221092450)
ERROR:aiogram.dispatcher:Failed to fetch updates - TelegramNetworkError: HTTP Client says - Request timeout error
WARNING:aiogram.dispatcher:Sleep for 1.000000 seconds and try again... (tryings = 0, bot id = 8221092450)
INFO:aiogram.dispatcher:Connection established (tryings = 1, bot id = 8221092450)
ERROR:aiogram.dispatcher:Failed to fetch updates - TelegramNetworkError: HTTP Client says - Request timeout error
WARNING:aiogram.dispatcher:Sleep for 1.000000 seconds and try again... (tryings = 0, bot id = 8221092450)
INFO:aiogram.dispatcher:Connection established (tryings = 1, bot id = 8221092450)
ERROR:aiogram.dispatcher:Failed to fetch updates - TelegramNetworkError: HTTP Client says - Request timeout error
WARNING:aiogram.dispatcher:Sleep for 1.000000 seconds and try again... (tryings = 0, bot id = 8221092450)
INFO:aiogram.dispatcher:Connection established (tryings = 1, bot id = 8221092450)
ERROR:aiogram.dispatcher:Failed to fetch updates - TelegramNetworkError: HTTP Client says - Request timeout error
WARNING:aiogram.dispatcher:Sleep for 1.000000 seconds and try again... (tryings = 0, bot id = 8221092450)
INFO:aiogram.dispatcher:Connection established (tryings = 1, bot id = 8221092450)
ERROR:aiogram.dispatcher:Failed to fetch updates - TelegramNetworkError: HTTP Client says - Request timeout error
WARNING:aiogram.dispatcher:Sleep for 1.000000 seconds and try again... (tryings = 0, bot id = 8221092450)
INFO:aiogram.dispatcher:Connection established (tryings = 1, bot id = 8221092450)
ERROR:aiogram.dispatcher:Failed to fetch updates - TelegramNetworkError: HTTP Client says - Request timeout error
WARNING:aiogram.dispatcher:Sleep for 1.000000 seconds and try again... (tryings = 0, bot id = 8221092450)
INFO:aiogram.dispatcher:Connection established (tryings = 1, bot id = 8221092450)
ERROR:aiogram.dispatcher:Failed to fetch updates - TelegramNetworkError: HTTP Client says - ClientOSError: [Errno 54] Connection reset by peer
WARNING:aiogram.dispatcher:Sleep for 1.000000 seconds and try again... (tryings = 0, bot id = 8221092450)
INFO:aiogram.dispatcher:Connection established (tryings = 1, bot id = 8221092450)
ERROR:aiogram.dispatcher:Failed to fetch updates - TelegramNetworkError: HTTP Client says - Request timeout error
WARNING:aiogram.dispatcher:Sleep for 1.000000 seconds and try again... (tryings = 0, bot id = 8221092450)
INFO:aiogram.dispatcher:Connection established (tryings = 1, bot id = 8221092450)
ERROR:aiogram.dispatcher:Failed to fetch updates - TelegramNetworkError: HTTP Client says - Request timeout error
WARNING:aiogram.dispatcher:Sleep for 1.000000 seconds and try again... (tryings = 0, bot id = 8221092450)
INFO:aiogram.dispatcher:Connection established (tryings = 1, bot id = 8221092450)
ERROR:aiogram.dispatcher:Failed to fetch updates - TelegramNetworkError: HTTP Client says - Request timeout error
WARNING:aiogram.dispatcher:Sleep for 1.000000 seconds and try again... (tryings = 0, bot id = 8221092450)
INFO:aiogram.dispatcher:Connection established (tryings = 1, bot id = 8221092450)
ERROR:aiogram.dispatcher:Failed to fetch updates - TelegramNetworkError: HTTP Client says - Request timeout error
WARNING:aiogram.dispatcher:Sleep for 1.000000 seconds and try again... (tryings = 0, bot id = 8221092450)
INFO:aiogram.dispatcher:Connection established (tryings = 1, bot id = 8221092450)
ERROR:aiogram.dispatcher:Failed to fetch updates - TelegramNetworkError: HTTP Client says - Request timeout error
WARNING:aiogram.dispatcher:Sleep for 1.000000 seconds and try again... (tryings = 0, bot id = 8221092450)
INFO:aiogram.dispatcher:Connection established (tryings = 1, bot id = 8221092450)
ERROR:aiogram.dispatcher:Failed to fetch updates - TelegramNetworkError: HTTP Client says - Request timeout error
WARNING:aiogram.dispatcher:Sleep for 1.000000 seconds and try again... (tryings = 0, bot id = 8221092450)
INFO:aiogram.dispatcher:Connection established (tryings = 1, bot id = 8221092450)
ERROR:aiogram.dispatcher:Failed to fetch updates - TelegramNetworkError: HTTP Client says - Request timeout error
WARNING:aiogram.dispatcher:Sleep for 1.000000 seconds and try again... (tryings = 0, bot id = 8221092450)
INFO:aiogram.dispatcher:Connection established (tryings = 1, bot id = 8221092450)
ERROR:aiogram.dispatcher:Failed to fetch updates - TelegramNetworkError: HTTP Client says - Request timeout error
WARNING:aiogram.dispatcher:Sleep for 1.000000 seconds and try again... (tryings = 0, bot id = 8221092450)
INFO:aiogram.dispatcher:Connection established (tryings = 1, bot id = 8221092450)
ERROR:aiogram.dispatcher:Failed to fetch updates - TelegramNetworkError: HTTP Client says - Request timeout error
WARNING:aiogram.dispatcher:Sleep for 1.000000 seconds and try again... (tryings = 0, bot id = 8221092450)
INFO:aiogram.dispatcher:Connection established (tryings = 1, bot id = 8221092450)
ERROR:aiogram.dispatcher:Failed to fetch updates - TelegramNetworkError: HTTP Client says - Request timeout error
WARNING:aiogram.dispatcher:Sleep for 1.000000 seconds and try again... (tryings = 0, bot id = 8221092450)
INFO:aiogram.dispatcher:Connection established (tryings = 1, bot id = 8221092450)
WARNING:aiogram.dispatcher:Received SIGTERM signal
INFO:aiogram.dispatcher:Polling stopped for bot @FindexHub_bot id=8221092450 - 'findex_hub_bot'
INFO:aiogram.dispatcher:Polling stopped
INFO:root:✅ Redis connected: redis://localhost:6379/0
INFO:root:✅ Webhook deleted (drop_pending_updates=True)
INFO:findex_bot.middlewares.fsm_watchdog:FSMWatchdogMiddleware: FSMContext patched
INFO:root:✅ Bot started (polling)
INFO:aiogram.dispatcher:Start polling
INFO:aiogram.dispatcher:Run polling for bot @FindexHub_bot id=8221092450 - 'findex_hub_bot'
WARNING:aiogram.dispatcher:Received SIGTERM signal
INFO:aiogram.dispatcher:Polling stopped for bot @FindexHub_bot id=8221092450 - 'findex_hub_bot'
INFO:aiogram.dispatcher:Polling stopped
INFO:root:✅ Redis connected: redis://localhost:6379/0
INFO:root:✅ Webhook deleted (drop_pending_updates=True)
INFO:findex_bot.middlewares.fsm_watchdog:FSMWatchdogMiddleware: FSMContext patched
INFO:root:✅ Bot started (polling)
INFO:aiogram.dispatcher:Start polling
INFO:aiogram.dispatcher:Run polling for bot @FindexHub_bot id=8221092450 - 'findex_hub_bot'
WARNING:aiogram.dispatcher:Received SIGTERM signal
INFO:aiogram.dispatcher:Polling stopped for bot @FindexHub_bot id=8221092450 - 'findex_hub_bot'
INFO:aiogram.dispatcher:Polling stopped
INFO:root:✅ Redis connected: redis://localhost:6379/0
INFO:root:✅ Webhook deleted (drop_pending_updates=True)
INFO:findex_bot.middlewares.fsm_watchdog:FSMWatchdogMiddleware: FSMContext patched
INFO:root:✅ Bot started (polling)
INFO:aiogram.dispatcher:Start polling
INFO:aiogram.dispatcher:Run polling for bot @FindexHub_bot id=8221092450 - 'findex_hub_bot'
INFO:root:✅ Redis connected: redis://localhost:6379/0
INFO:root:✅ Webhook deleted (drop_pending_updates=True)
INFO:findex_bot.middlewares.fsm_watchdog:FSMWatchdogMiddleware: FSMContext patched
INFO:root:✅ Bot started (polling)
INFO:aiogram.dispatcher:Start polling
INFO:aiogram.dispatcher:Run polling for bot @FindexHub_bot id=8221092450 - 'findex_hub_bot'
ERROR:aiogram.dispatcher:Failed to fetch updates - TelegramConflictError: Telegram server says - Conflict: terminated by other getUpdates request; make sure that only one bot instance is running
WARNING:aiogram.dispatcher:Sleep for 1.000000 seconds and try again... (tryings = 0, bot id = 8221092450)
INFO:aiogram.dispatcher:Connection established (tryings = 1, bot id = 8221092450)
INFO:aiogram.event:Update id=588766276 is handled. Duration 1310 ms by bot id=8221092450
ERROR:findex_bot.handlers.debug_ping:[DEBUG CALLBACK_DATA] vac_employer
INFO:aiogram.event:Update id=588766277 is handled. Duration 1468 ms by bot id=8221092450
ERROR:aiogram.dispatcher:Failed to fetch updates - TelegramConflictError: Telegram server says - Conflict: terminated by other getUpdates request; make sure that only one bot instance is running
WARNING:aiogram.dispatcher:Sleep for 1.000000 seconds and try again... (tryings = 0, bot id = 8221092450)
ERROR:aiogram.dispatcher:Failed to fetch updates - TelegramConflictError: Telegram server says - Conflict: terminated by other getUpdates request; make sure that only one bot instance is running
WARNING:aiogram.dispatcher:Sleep for 1.364338 seconds and try again... (tryings = 1, bot id = 8221092450)
ERROR:aiogram.dispatcher:Failed to fetch updates - TelegramConflictError: Telegram server says - Conflict: terminated by other getUpdates request; make sure that only one bot instance is running
WARNING:aiogram.dispatcher:Sleep for 1.819917 seconds and try again... (tryings = 2, bot id = 8221092450)
INFO:aiogram.dispatcher:Connection established (tryings = 3, bot id = 8221092450)
INFO:aiogram.event:Update id=588766279 is handled. Duration 107 ms by bot id=8221092450
ERROR:findex_bot.handlers.debug_ping:[DEBUG CALLBACK_DATA] vac_employer
INFO:aiogram.event:Update id=588766280 is handled. Duration 834 ms by bot id=8221092450
INFO:aiogram.event:Update id=588766281 is handled. Duration 180 ms by bot id=8221092450
ERROR:aiogram.dispatcher:Failed to fetch updates - TelegramConflictError: Telegram server says - Conflict: terminated by other getUpdates request; make sure that only one bot instance is running
WARNING:aiogram.dispatcher:Sleep for 1.000000 seconds and try again... (tryings = 0, bot id = 8221092450)
INFO:aiogram.dispatcher:Connection established (tryings = 1, bot id = 8221092450)
INFO:aiogram.event:Update id=588766282 is handled. Duration 126 ms by bot id=8221092450
INFO:aiogram.event:Update id=588766283 is handled. Duration 181 ms by bot id=8221092450
ERROR:aiogram.dispatcher:Failed to fetch updates - TelegramConflictError: Telegram server says - Conflict: terminated by other getUpdates request; make sure that only one bot instance is running
WARNING:aiogram.dispatcher:Sleep for 1.000000 seconds and try again... (tryings = 0, bot id = 8221092450)
ERROR:aiogram.dispatcher:Failed to fetch updates - TelegramConflictError: Telegram server says - Conflict: terminated by other getUpdates request; make sure that only one bot instance is running
WARNING:aiogram.dispatcher:Sleep for 1.319699 seconds and try again... (tryings = 1, bot id = 8221092450)
ERROR:aiogram.dispatcher:Failed to fetch updates - TelegramConflictError: Telegram server says - Conflict: terminated by other getUpdates request; make sure that only one bot instance is running
WARNING:aiogram.dispatcher:Sleep for 1.761524 seconds and try again... (tryings = 2, bot id = 8221092450)
INFO:aiogram.dispatcher:Connection established (tryings = 3, bot id = 8221092450)
INFO:aiogram.event:Update id=588766285 is handled. Duration 132 ms by bot id=8221092450
ERROR:aiogram.dispatcher:Failed to fetch updates - TelegramConflictError: Telegram server says - Conflict: terminated by other getUpdates request; make sure that only one bot instance is running
WARNING:aiogram.dispatcher:Sleep for 1.000000 seconds and try again... (tryings = 0, bot id = 8221092450)
INFO:aiogram.dispatcher:Connection established (tryings = 1, bot id = 8221092450)
INFO:aiogram.event:Update id=588766287 is not handled. Duration 10 ms by bot id=8221092450
ERROR:aiogram.dispatcher:Failed to fetch updates - TelegramConflictError: Telegram server says - Conflict: terminated by other getUpdates request; make sure that only one bot instance is running
WARNING:aiogram.dispatcher:Sleep for 1.000000 seconds and try again... (tryings = 0, bot id = 8221092450)
ERROR:aiogram.dispatcher:Failed to fetch updates - TelegramConflictError: Telegram server says - Conflict: terminated by other getUpdates request; make sure that only one bot instance is running
WARNING:aiogram.dispatcher:Sleep for 1.271389 seconds and try again... (tryings = 1, bot id = 8221092450)
ERROR:aiogram.dispatcher:Failed to fetch updates - TelegramNetworkError: HTTP Client says - Request timeout error
WARNING:aiogram.dispatcher:Sleep for 1.484999 seconds and try again... (tryings = 2, bot id = 8221092450)
ERROR:aiogram.dispatcher:Failed to fetch updates - TelegramConflictError: Telegram server says - Conflict: terminated by other getUpdates request; make sure that only one bot instance is running
WARNING:aiogram.dispatcher:Sleep for 1.724407 seconds and try again... (tryings = 3, bot id = 8221092450)
ERROR:aiogram.dispatcher:Failed to fetch updates - TelegramConflictError: Telegram server says - Conflict: terminated by other getUpdates request; make sure that only one bot instance is running
WARNING:aiogram.dispatcher:Sleep for 2.349236 seconds and try again... (tryings = 4, bot id = 8221092450)
ERROR:aiogram.dispatcher:Failed to fetch updates - TelegramConflictError: Telegram server says - Conflict: terminated by other getUpdates request; make sure that only one bot instance is running
WARNING:aiogram.dispatcher:Sleep for 2.938349 seconds and try again... (tryings = 5, bot id = 8221092450)
ERROR:aiogram.dispatcher:Failed to fetch updates - TelegramConflictError: Telegram server says - Conflict: terminated by other getUpdates request; make sure that only one bot instance is running
WARNING:aiogram.dispatcher:Sleep for 3.813149 seconds and try again... (tryings = 6, bot id = 8221092450)
ERROR:aiogram.dispatcher:Failed to fetch updates - TelegramConflictError: Telegram server says - Conflict: terminated by other getUpdates request; make sure that only one bot instance is running
WARNING:aiogram.dispatcher:Sleep for 4.925893 seconds and try again... (tryings = 7, bot id = 8221092450)
