2026-02-04 16:39:46,705 INFO RPC interface 'supervisor' initialized
2026-02-04 16:39:46,706 CRIT Server 'unix_http_server' running without any HTTP authentication checking
2026-02-04 16:39:46,714 INFO daemonizing the supervisord process
2026-02-04 16:39:46,718 INFO supervisord started with pid 39137
2026-02-04 16:39:47,169 INFO spawned: 'findex_main' with pid 39139
2026-02-04 16:39:47,177 INFO spawned: 'support_bot' with pid 39140
2026-02-04 16:39:49,408 WARN exited: support_bot (exit status 1; not expected)
2026-02-04 16:39:50,410 INFO success: findex_main entered RUNNING state, process has stayed up for > than 3 seconds (startsecs)
2026-02-04 16:39:50,412 INFO spawned: 'support_bot' with pid 39155
2026-02-04 16:39:50,631 WARN exited: support_bot (exit status 1; not expected)
2026-02-04 16:39:52,636 INFO spawned: 'support_bot' with pid 39156
2026-02-04 16:39:53,452 WARN exited: support_bot (exit status 1; not expected)
2026-02-04 16:39:56,907 INFO spawned: 'support_bot' with pid 39158
2026-02-04 16:39:57,214 WARN exited: support_bot (exit status 1; not expected)
2026-02-04 16:39:58,216 INFO gave up: support_bot entered FATAL state, too many start retries too quickly
2026-02-04 17:31:03,516 INFO spawned: 'support_bot' with pid 41028
2026-02-04 17:31:04,130 WARN exited: support_bot (exit status 1; not expected)
2026-02-04 17:31:05,136 INFO spawned: 'support_bot' with pid 41030
2026-02-04 17:31:05,360 WARN exited: support_bot (exit status 1; not expected)
2026-02-04 17:31:07,635 INFO spawned: 'support_bot' with pid 41033
2026-02-04 17:31:07,886 WARN exited: support_bot (exit status 1; not expected)
2026-02-04 17:31:10,892 INFO spawned: 'support_bot' with pid 41039
2026-02-04 17:31:11,283 WARN exited: support_bot (exit status 1; not expected)
2026-02-04 17:31:12,285 INFO gave up: support_bot entered FATAL state, too many start retries too quickly
2026-02-04 17:38:57,328 WARN received SIGTERM indicating exit request
2026-02-04 17:38:57,329 INFO waiting for findex_main to die
2026-02-04 17:38:57,793 INFO RPC interface 'supervisor' initialized
2026-02-04 17:38:57,793 CRIT Server 'unix_http_server' running without any HTTP authentication checking
2026-02-04 17:38:57,798 INFO daemonizing the supervisord process
2026-02-04 17:38:57,801 INFO supervisord started with pid 41395
2026-02-04 17:38:58,099 INFO spawned: 'findex_main' with pid 41397
2026-02-04 17:38:58,104 INFO spawned: 'support_bot' with pid 41398
2026-02-04 17:38:58,330 INFO stopped: findex_main (exit status 0)
2026-02-04 17:38:58,658 WARN exited: support_bot (exit status 1; not expected)
2026-02-04 17:38:59,662 INFO spawned: 'support_bot' with pid 41400
2026-02-04 17:38:59,948 WARN exited: support_bot (exit status 1; not expected)
2026-02-04 17:39:01,967 INFO success: findex_main entered RUNNING state, process has stayed up for > than 3 seconds (startsecs)
2026-02-04 17:39:01,972 INFO spawned: 'support_bot' with pid 41405
2026-02-04 17:39:02,355 WARN exited: support_bot (exit status 1; not expected)
2026-02-04 17:39:05,391 INFO spawned: 'support_bot' with pid 41410
2026-02-04 17:39:05,702 WARN exited: support_bot (exit status 1; not expected)
2026-02-04 17:39:06,704 INFO gave up: support_bot entered FATAL state, too many start retries too quickly
2026-02-04 20:31:07,760 INFO spawned: 'support_bot' with pid 49110
2026-02-04 20:31:10,766 INFO success: support_bot entered RUNNING state, process has stayed up for > than 3 seconds (startsecs)
2026-02-04 21:04:27,682 INFO waiting for findex_main to stop
2026-02-04 21:04:28,707 INFO stopped: findex_main (exit status 0)
2026-02-04 21:04:28,714 INFO spawned: 'findex_main' with pid 50544
2026-02-04 21:04:31,717 INFO success: findex_main entered RUNNING state, process has stayed up for > than 3 seconds (startsecs)
2026-02-05 10:06:20,475 WARN received SIGTERM indicating exit request
2026-02-05 10:06:20,493 INFO waiting for findex_main, support_bot to die
2026-02-05 10:06:21,778 INFO stopped: support_bot (exit status 0)
2026-02-05 10:06:21,799 WARN stopped: findex_main (terminated by SIGTERM)
2026-02-09 20:50:26,807 INFO RPC interface 'supervisor' initialized
2026-02-09 20:50:26,808 CRIT Server 'unix_http_server' running without any HTTP authentication checking
2026-02-09 20:50:26,813 INFO daemonizing the supervisord process
2026-02-09 20:50:26,817 INFO supervisord started with pid 9626
2026-02-09 20:50:27,059 INFO spawned: 'findex_main' with pid 9629
2026-02-09 20:50:27,068 INFO spawned: 'support_bot' with pid 9630
2026-02-09 20:50:30,085 INFO success: findex_main entered RUNNING state, process has stayed up for > than 3 seconds (startsecs)
2026-02-09 20:50:30,086 INFO success: support_bot entered RUNNING state, process has stayed up for > than 3 seconds (startsecs)
2026-02-09 20:50:53,466 INFO exited: findex_main (exit status 0; expected)
2026-02-09 20:50:53,467 WARN received SIGTERM indicating exit request
2026-02-09 20:50:53,468 INFO waiting for support_bot to die
2026-02-09 20:50:54,056 INFO stopped: support_bot (exit status 0)
2026-02-09 20:51:46,345 INFO RPC interface 'supervisor' initialized
2026-02-09 20:51:46,345 CRIT Server 'unix_http_server' running without any HTTP authentication checking
2026-02-09 20:51:46,351 INFO daemonizing the supervisord process
2026-02-09 20:51:46,352 INFO supervisord started with pid 9700
2026-02-09 20:51:47,357 INFO spawned: 'findex_main' with pid 9702
2026-02-09 20:51:47,361 INFO spawned: 'support_bot' with pid 9703
2026-02-09 20:51:50,370 INFO success: findex_main entered RUNNING state, process has stayed up for > than 3 seconds (startsecs)
2026-02-09 20:51:50,371 INFO success: support_bot entered RUNNING state, process has stayed up for > than 3 seconds (startsecs)
2026-02-09 20:56:41,486 WARN received SIGTERM indicating exit request
2026-02-09 20:56:41,488 INFO waiting for findex_main, support_bot to die
2026-02-09 20:56:42,852 INFO stopped: support_bot (exit status 0)
2026-02-09 20:56:42,852 INFO exited: findex_main (exit status 0; expected)
2026-02-10 21:52:52,170 INFO RPC interface 'supervisor' initialized
2026-02-10 21:52:52,170 CRIT Server 'unix_http_server' running without any HTTP authentication checking
2026-02-10 21:52:52,182 INFO daemonizing the supervisord process
2026-02-10 21:52:52,185 INFO supervisord started with pid 47827
2026-02-10 21:52:53,191 INFO spawned: 'findex_main' with pid 47833
2026-02-10 21:52:53,203 INFO spawned: 'support_bot' with pid 47834
2026-02-10 21:52:56,208 INFO success: findex_main entered RUNNING state, process has stayed up for > than 3 seconds (startsecs)
2026-02-10 21:52:56,209 INFO success: support_bot entered RUNNING state, process has stayed up for > than 3 seconds (startsecs)
2026-02-10 21:57:31,368 WARN exited: findex_main (terminated by SIGKILL; not expected)
2026-02-10 21:57:32,375 INFO spawned: 'findex_main' with pid 48038
2026-02-10 21:57:35,379 INFO success: findex_main entered RUNNING state, process has stayed up for > than 3 seconds (startsecs)
